This is pdfTeX, Version 3.141592653-2.6-1.40.24 (TeX Live 2022/Debian) (preloaded format=pdflatex 2024.9.27)  31 DEC 2024 01:53
entering extended mode
 restricted \write18 enabled.
 %&-line parsing enabled.
**main.tex
(./main.tex
LaTeX2e <2022-11-01> patch level 1
L3 programming layer <2023-01-16>
(/usr/share/texlive/texmf-dist/tex/latex/base/article.cls
Document Class: article 2022/07/02 v1.4n Standard LaTeX document class
(/usr/share/texlive/texmf-dist/tex/latex/base/size10.clo
File: size10.clo 2022/07/02 v1.4n Standard LaTeX file (size option)
)
\c@part=\count185
\c@section=\count186
\c@subsection=\count187
\c@subsubsection=\count188
\c@paragraph=\count189
\c@subparagraph=\count190
\c@figure=\count191
\c@table=\count192
\abovecaptionskip=\skip48
\belowcaptionskip=\skip49
\bibindent=\dimen140
)
(/usr/share/texlive/texmf-dist/tex/latex/preprint/fullpage.sty
Package: fullpage 1999/02/23 1.1 (PWD)
\FP@margin=\skip50
)
(/usr/share/texlive/texmf-dist/tex/latex/graphics/graphicx.sty
Package: graphicx 2021/09/16 v1.2d Enhanced LaTeX Graphics (DPC,SPQR)

(/usr/share/texlive/texmf-dist/tex/latex/graphics/keyval.sty
Package: keyval 2022/05/29 v1.15 key=value parser (DPC)
\KV@toks@=\toks16
)
(/usr/share/texlive/texmf-dist/tex/latex/graphics/graphics.sty
Package: graphics 2022/03/10 v1.4e Standard LaTeX Graphics (DPC,SPQR)

(/usr/share/texlive/texmf-dist/tex/latex/graphics/trig.sty
Package: trig 2021/08/11 v1.11 sin cos tan (DPC)
)
(/usr/share/texlive/texmf-dist/tex/latex/graphics-cfg/graphics.cfg
File: graphics.cfg 2016/06/04 v1.11 sample graphics configuration
)
Package graphics Info: Driver file: pdftex.def on input line 107.

(/usr/share/texlive/texmf-dist/tex/latex/graphics-def/pdftex.def
File: pdftex.def 2022/09/22 v1.2b Graphics/color driver for pdftex
))
\Gin@req@height=\dimen141
\Gin@req@width=\dimen142
)
(/usr/share/texlive/texmf-dist/tex/latex/caption/subcaption.sty
Package: subcaption 2022/01/07 v1.5 Sub-captions (AR)

(/usr/share/texlive/texmf-dist/tex/latex/caption/caption.sty
Package: caption 2022/03/01 v3.6b Customizing captions (AR)

(/usr/share/texlive/texmf-dist/tex/latex/caption/caption3.sty
Package: caption3 2022/03/17 v2.3b caption3 kernel (AR)
\caption@tempdima=\dimen143
\captionmargin=\dimen144
\caption@leftmargin=\dimen145
\caption@rightmargin=\dimen146
\caption@width=\dimen147
\caption@indent=\dimen148
\caption@parindent=\dimen149
\caption@hangindent=\dimen150
Package caption Info: Standard document class detected.
)
\c@caption@flags=\count193
\c@continuedfloat=\count194
)
\c@subfigure=\count195
\c@subtable=\count196
)
(/usr/share/texlive/texmf-dist/tex/latex/tools/array.sty
Package: array 2022/09/04 v2.5g Tabular extension package (FMi)
\col@sep=\dimen151
\ar@mcellbox=\box51
\extrarowheight=\dimen152
\NC@list=\toks17
\extratabsurround=\skip51
\backup@length=\skip52
\ar@cellbox=\box52
)
(/usr/share/texlive/texmf-dist/tex/latex/booktabs/booktabs.sty
Package: booktabs 2020/01/12 v1.61803398 Publication quality tables
\heavyrulewidth=\dimen153
\lightrulewidth=\dimen154
\cmidrulewidth=\dimen155
\belowrulesep=\dimen156
\belowbottomsep=\dimen157
\aboverulesep=\dimen158
\abovetopsep=\dimen159
\cmidrulesep=\dimen160
\cmidrulekern=\dimen161
\defaultaddspace=\dimen162
\@cmidla=\count197
\@cmidlb=\count198
\@aboverulesep=\dimen163
\@belowrulesep=\dimen164
\@thisruleclass=\count199
\@lastruleclass=\count266
\@thisrulewidth=\dimen165
)
(/usr/share/texlive/texmf-dist/tex/latex/base/inputenc.sty
Package: inputenc 2021/02/14 v1.3d Input encoding file
\inpenc@prehook=\toks18
\inpenc@posthook=\toks19
)
(/usr/share/texlive/texmf-dist/tex/latex/base/fontenc.sty
Package: fontenc 2021/04/29 v2.0v Standard LaTeX package
)
(/usr/share/texlive/texmf-dist/tex/latex/url/url.sty
\Urlmuskip=\muskip16
Package: url 2013/09/16  ver 3.4  Verb mode for urls, etc.
)
(/usr/share/texlive/texmf-dist/tex/generic/babel/babel.sty
Package: babel 2022/12/26 3.84 The Babel package
\babel@savecnt=\count267
\U@D=\dimen166
\l@unhyphenated=\language87

(/usr/share/texlive/texmf-dist/tex/generic/babel/txtbabel.def)
\bbl@readstream=\read2
\bbl@dirlevel=\count268

(/usr/share/texlive/texmf-dist/tex/generic/babel-spanish/spanish.ldf
Language: spanish.ldf 2021/05/27 v5.0q Spanish support from the babel system
\es@quottoks=\toks20
\es@quotdepth=\count269
Package babel Info: Making " an active character on input line 570.
Package babel Info: Making . an active character on input line 675.
Package babel Info: Making < an active character on input line 722.
Package babel Info: Making > an active character on input line 722.
))
(/usr/share/texlive/texmf-dist/tex/generic/babel/locale/es/babel-spanish.tex
Package babel Info: Importing font and identification data for spanish
(babel)             from babel-es.ini. Reported on input line 11.
)
(/usr/share/texlive/texmf-dist/tex/latex/float/float.sty
Package: float 2001/11/08 v1.3d Float enhancements (AL)
\c@float@type=\count270
\float@exts=\toks21
\float@box=\box53
\@float@everytoks=\toks22
\@floatcapt=\box54
)
(/usr/share/texlive/texmf-dist/tex/latex/listings/listings.sty
\lst@mode=\count271
\lst@gtempboxa=\box55
\lst@token=\toks23
\lst@length=\count272
\lst@currlwidth=\dimen167
\lst@column=\count273
\lst@pos=\count274
\lst@lostspace=\dimen168
\lst@width=\dimen169
\lst@newlines=\count275
\lst@lineno=\count276
\lst@maxwidth=\dimen170

(/usr/share/texlive/texmf-dist/tex/latex/listings/lstmisc.sty
File: lstmisc.sty 2020/03/24 1.8d (Carsten Heinz)
\c@lstnumber=\count277
\lst@skipnumbers=\count278
\lst@framebox=\box56
)
(/usr/share/texlive/texmf-dist/tex/latex/listings/listings.cfg
File: listings.cfg 2020/03/24 1.8d listings configuration
))
Package: listings 2020/03/24 1.8d (Carsten Heinz)

(/usr/share/texlive/texmf-dist/tex/latex/xcolor/xcolor.sty
Package: xcolor 2022/06/12 v2.14 LaTeX color extensions (UK)

(/usr/share/texlive/texmf-dist/tex/latex/graphics-cfg/color.cfg
File: color.cfg 2016/01/02 v1.6 sample color configuration
)
Package xcolor Info: Driver file: pdftex.def on input line 227.

(/usr/share/texlive/texmf-dist/tex/latex/graphics/mathcolor.ltx)
Package xcolor Info: Model `cmy' substituted by `cmy0' on input line 1353.
Package xcolor Info: Model `hsb' substituted by `rgb' on input line 1357.
Package xcolor Info: Model `RGB' extended on input line 1369.
Package xcolor Info: Model `HTML' substituted by `rgb' on input line 1371.
Package xcolor Info: Model `Hsb' substituted by `hsb' on input line 1372.
Package xcolor Info: Model `tHsb' substituted by `hsb' on input line 1373.
Package xcolor Info: Model `HSB' substituted by `hsb' on input line 1374.
Package xcolor Info: Model `Gray' substituted by `gray' on input line 1375.
Package xcolor Info: Model `wave' substituted by `hsb' on input line 1376.
)
(/usr/share/texlive/texmf-dist/tex/latex/l3backend/l3backend-pdftex.def
File: l3backend-pdftex.def 2023-01-16 L3 backend support: PDF output (pdfTeX)
\l__color_backend_stack_int=\count279
\l__pdf_internal_box=\box57
)
(./main.aux
LaTeX Info: Redefining \. on input line 8.
LaTeX Info: Redefining \% on input line 8.
)
\openout1 = `main.aux'.

LaTeX Font Info:    Checking defaults for OML/cmm/m/it on input line 55.
LaTeX Font Info:    ... okay on input line 55.
LaTeX Font Info:    Checking defaults for OMS/cmsy/m/n on input line 55.
LaTeX Font Info:    ... okay on input line 55.
LaTeX Font Info:    Checking defaults for OT1/cmr/m/n on input line 55.
LaTeX Font Info:    ... okay on input line 55.
LaTeX Font Info:    Checking defaults for T1/cmr/m/n on input line 55.
LaTeX Font Info:    ... okay on input line 55.
LaTeX Font Info:    Checking defaults for TS1/cmr/m/n on input line 55.
LaTeX Font Info:    ... okay on input line 55.
LaTeX Font Info:    Checking defaults for OMX/cmex/m/n on input line 55.
LaTeX Font Info:    ... okay on input line 55.
LaTeX Font Info:    Checking defaults for U/cmr/m/n on input line 55.
LaTeX Font Info:    ... okay on input line 55.
 (/usr/share/texlive/texmf-dist/tex/context/base/mkii/supp-pdf.mkii
[Loading MPS to PDF converter (version 2006.09.02).]
\scratchcounter=\count280
\scratchdimen=\dimen171
\scratchbox=\box58
\nofMPsegments=\count281
\nofMParguments=\count282
\everyMPshowfont=\toks24
\MPscratchCnt=\count283
\MPscratchDim=\dimen172
\MPnumerator=\count284
\makeMPintoPDFobject=\count285
\everyMPtoPDFconversion=\toks25
) (/usr/share/texlive/texmf-dist/tex/latex/epstopdf-pkg/epstopdf-base.sty
Package: epstopdf-base 2020-01-24 v2.11 Base part for package epstopdf
Package epstopdf-base Info: Redefining graphics rule for `.eps' on input line 4
85.

(/usr/share/texlive/texmf-dist/tex/latex/latexconfig/epstopdf-sys.cfg
File: epstopdf-sys.cfg 2010/07/13 v1.3 Configuration of (r)epstopdf for TeX Liv
e
))
Package caption Info: Begin \AtBeginDocument code.
Package caption Info: float package is loaded.
Package caption Info: listings package is loaded.
Package caption Info: End \AtBeginDocument code.
LaTeX Info: Redefining \. on input line 55.
LaTeX Info: Redefining \% on input line 55.
\c@lstlisting=\count286
<images/uma_logo.jpg, id=1, 965.6075pt x 965.6075pt>
File: images/uma_logo.jpg Graphic file (type jpg)
<use images/uma_logo.jpg>
Package pdftex.def Info: images/uma_logo.jpg  used on input line 69.
(pdftex.def)             Requested size: 140.92793pt x 140.91563pt.

[1

{/var/lib/texmf/fonts/map/pdftex/updmap/pdftex.map} <./images/uma_logo.jpg>]
(./main.toc
LaTeX Info: Redefining \. on input line 1.
LaTeX Info: Redefining \% on input line 1.
LaTeX Font Info:    External font `cmex10' loaded for size
(Font)              <7> on input line 5.
LaTeX Font Info:    External font `cmex10' loaded for size
(Font)              <5> on input line 5.
)
\tf@toc=\write3
\openout3 = `main.toc'.

 [1]
Underfull \hbox (badness 10000) in paragraph at lines 91--92

 []

<images/origen_datos.png, id=17, 200.54926pt x 230.66174pt>
File: images/origen_datos.png Graphic file (type png)
<use images/origen_datos.png>
Package pdftex.def Info: images/origen_datos.png  used on input line 116.
(pdftex.def)             Requested size: 140.92793pt x 162.0886pt.
<images/graficas.png, id=19, 293.898pt x 414.348pt>
File: images/graficas.png Graphic file (type png)
<use images/graficas.png>
Package pdftex.def Info: images/graficas.png  used on input line 128.
(pdftex.def)             Requested size: 187.89914pt x 264.90994pt.
[2 <./images/origen_datos.png>] [3 <./images/graficas.png>]
<images/temas.png, id=30, 370.38374pt x 584.1825pt>
File: images/temas.png Graphic file (type png)
<use images/temas.png>
Package pdftex.def Info: images/temas.png  used on input line 163.
(pdftex.def)             Requested size: 140.92793pt x 222.27689pt.
<images/dashboard.png, id=31, 781.7205pt x 432.4155pt>
File: images/dashboard.png Graphic file (type png)
<use images/dashboard.png>
Package pdftex.def Info: images/dashboard.png  used on input line 172.
(pdftex.def)             Requested size: 469.75502pt x 259.85379pt.
 [4 <./images/temas.png>]
Underfull \hbox (badness 10000) in paragraph at lines 180--181

 []

<images/cantidad_fuente_admision_mdx.png, id=36, 151.767pt x 148.1535pt>
File: images/cantidad_fuente_admision_mdx.png Graphic file (type png)
<use images/cantidad_fuente_admision_mdx.png>
Package pdftex.def Info: images/cantidad_fuente_admision_mdx.png  used on input
 line 187.
(pdftex.def)             Requested size: 187.89914pt x 183.42586pt.
<images/cantidad_fuente_admision_pbx.png, id=37, 139.11975pt x 100.57574pt>
File: images/cantidad_fuente_admision_pbx.png Graphic file (type png)
<use images/cantidad_fuente_admision_pbx.png>
Package pdftex.def Info: images/cantidad_fuente_admision_pbx.png  used on input
 line 194.
(pdftex.def)             Requested size: 187.89914pt x 135.84964pt.
[5 <./images/dashboard.png>]
(/usr/share/texlive/texmf-dist/tex/latex/listings/lstlang1.sty
File: lstlang1.sty 2020/03/24 1.8d listings language file
)
LaTeX Font Info:    Trying to load font information for T1+cmtt on input line 2
02.

(/usr/share/texlive/texmf-dist/tex/latex/base/t1cmtt.fd
File: t1cmtt.fd 2022/07/10 v2.5l Standard LaTeX font definitions
)
LaTeX Font Info:    External font `cmex10' loaded for size
(Font)              <9> on input line 212.
LaTeX Font Info:    External font `cmex10' loaded for size
(Font)              <6> on input line 212.
<images/cantidad_region_mdx.png, id=42, 100.57574pt x 63.23625pt>
File: images/cantidad_region_mdx.png Graphic file (type png)
<use images/cantidad_region_mdx.png>
Package pdftex.def Info: images/cantidad_region_mdx.png  used on input line 226
.
(pdftex.def)             Requested size: 187.89914pt x 118.15466pt.
<images/cantidad_region_pbx.png, id=43, 140.32425pt x 125.268pt>
File: images/cantidad_region_pbx.png Graphic file (type png)
<use images/cantidad_region_pbx.png>
Package pdftex.def Info: images/cantidad_region_pbx.png  used on input line 233
.
(pdftex.def)             Requested size: 187.89914pt x 167.75119pt.
 [6 <./images/cantidad_fuente_admision_mdx.png> <./images/cantidad_fuente_admis
ion_pbx.png>]
<images/cantidad_volumen_año_mdx.png, id=53, 148.1535pt x 37.3395pt>
File: images/cantidad_volumen_año_mdx.png Graphic file (type png)
<use images/cantidad_volumen_año_mdx.png>
Package pdftex.def Info: images/cantidad_volumen_año_mdx.png  used on input li
ne 266.
(pdftex.def)             Requested size: 187.89914pt x 47.36021pt.
<images/cantidad_volumen_año_pbx.png, id=54, 142.131pt x 107.2005pt>
File: images/cantidad_volumen_año_pbx.png Graphic file (type png)
<use images/cantidad_volumen_año_pbx.png>
Package pdftex.def Info: images/cantidad_volumen_año_pbx.png  used on input li
ne 273.
(pdftex.def)             Requested size: 187.89914pt x 141.7259pt.
 [7 <./images/cantidad_region_mdx.png> <./images/cantidad_region_pbx.png>]
<images/cantidad_tratamiento_mdx.png, id=60, 149.358pt x 203.5605pt>
File: images/cantidad_tratamiento_mdx.png Graphic file (type png)
<use images/cantidad_tratamiento_mdx.png>
Package pdftex.def Info: images/cantidad_tratamiento_mdx.png  used on input lin
e 293.
(pdftex.def)             Requested size: 187.89914pt x 256.11174pt.
<images/cantidad_tratamiento_pbx.png, id=61, 153.57375pt x 177.66376pt>
File: images/cantidad_tratamiento_pbx.png Graphic file (type png)
<use images/cantidad_tratamiento_pbx.png>
Package pdftex.def Info: images/cantidad_tratamiento_pbx.png  used on input lin
e 300.
(pdftex.def)             Requested size: 187.89914pt x 217.38652pt.
 [8 <./images/cantidad_volumen_año_mdx.png> <./images/cantidad_volumen_año_pb
x.png> <./images/cantidad_tratamiento_mdx.png> <./images/cantidad_tratamiento_p
bx.png>]
<images/cantidad_region_hospital_tabla_mdx.png, id=69, 71.0655pt x 139.722pt>
File: images/cantidad_region_hospital_tabla_mdx.png Graphic file (type png)
<use images/cantidad_region_hospital_tabla_mdx.png>
Package pdftex.def Info: images/cantidad_region_hospital_tabla_mdx.png  used on
 input line 320.
(pdftex.def)             Requested size: 93.94957pt x 184.7214pt.
<images/cantidad_region_hospital_tabla_pbx.png, id=70, 156.585pt x 109.6095pt>
File: images/cantidad_region_hospital_tabla_pbx.png Graphic file (type png)
<use images/cantidad_region_hospital_tabla_pbx.png>
Package pdftex.def Info: images/cantidad_region_hospital_tabla_pbx.png  used on
 input line 327.
(pdftex.def)             Requested size: 187.89914pt x 131.53406pt.
<images/cantidad_medicamento_numero_camas_mdx.png, id=71, 199.34476pt x 203.560
5pt>
File: images/cantidad_medicamento_numero_camas_mdx.png Graphic file (type png)
<use images/cantidad_medicamento_numero_camas_mdx.png>
Package pdftex.def Info: images/cantidad_medicamento_numero_camas_mdx.png  used
 on input line 348.
(pdftex.def)             Requested size: 187.89914pt x 191.87181pt.
<images/cantidad_medicamento_numero_camas_pbx.png, id=72, 227.6505pt x 132.495p
t>
File: images/cantidad_medicamento_numero_camas_pbx.png Graphic file (type png)
<use images/cantidad_medicamento_numero_camas_pbx.png>
Package pdftex.def Info: images/cantidad_medicamento_numero_camas_pbx.png  used
 on input line 355.
(pdftex.def)             Requested size: 187.89914pt x 109.36227pt.

[9 <./images/cantidad_region_hospital_tabla_mdx.png> <./images/cantidad_region_
hospital_tabla_pbx.png>]
<images/volumen_año_tipo_uci_mdx.png, id=78, 161.403pt x 182.48175pt>
File: images/volumen_año_tipo_uci_mdx.png Graphic file (type png)
<use images/volumen_año_tipo_uci_mdx.png>
Package pdftex.def Info: images/volumen_año_tipo_uci_mdx.png  used on input li
ne 375.
(pdftex.def)             Requested size: 187.89914pt x 212.45303pt.
<images/volumen_año_tipo_uci_pbx.png, id=79, 227.6505pt x 145.7445pt>
File: images/volumen_año_tipo_uci_pbx.png Graphic file (type png)
<use images/volumen_año_tipo_uci_pbx.png>
Package pdftex.def Info: images/volumen_año_tipo_uci_pbx.png  used on input li
ne 382.
(pdftex.def)             Requested size: 187.89914pt x 120.29851pt.
 [10 <./images/cantidad_medicamento_numero_camas_mdx.png> <./images/cantidad_me
dicamento_numero_camas_pbx.png>] (./main.bbl [11 <./images/volumen_año_tipo_uc
i_mdx.png> <./images/volumen_año_tipo_uci_pbx.png>])
[12] (./main.aux
LaTeX Info: Redefining \. on input line 8.
LaTeX Info: Redefining \% on input line 8.
) ) 
Here is how much of TeX's memory you used:
 7317 strings out of 476091
 118219 string characters out of 5794081
 1929330 words of memory out of 5000000
 27619 multiletter control sequences out of 15000+600000
 525350 words of font info for 54 fonts, out of 8000000 for 9000
 1141 hyphenation exceptions out of 8191
 67i,9n,77p,898b,1719s stack positions out of 10000i,1000n,20000p,200000b,200000s
{/usr/share/texmf/fonts/enc/dvips/cm-super/cm-super-t1.enc}</usr/share/texmf
/fonts/type1/public/cm-super/sfbx1000.pfb></usr/share/texmf/fonts/type1/public/
cm-super/sfbx1200.pfb></usr/share/texmf/fonts/type1/public/cm-super/sfbx1440.pf
b></usr/share/texmf/fonts/type1/public/cm-super/sfbx1728.pfb></usr/share/texmf/
fonts/type1/public/cm-super/sfbx2488.pfb></usr/share/texmf/fonts/type1/public/c
m-super/sfrm0500.pfb></usr/share/texmf/fonts/type1/public/cm-super/sfrm0900.pfb
></usr/share/texmf/fonts/type1/public/cm-super/sfrm1000.pfb></usr/share/texmf/f
onts/type1/public/cm-super/sfrm1200.pfb></usr/share/texmf/fonts/type1/public/cm
-super/sfti1000.pfb></usr/share/texmf/fonts/type1/public/cm-super/sfti1200.pfb>
</usr/share/texmf/fonts/type1/public/cm-super/sftt0900.pfb></usr/share/texmf/fo
nts/type1/public/cm-super/sftt1000.pfb>
Output written on main.pdf (13 pages, 1471479 bytes).
PDF statistics:
 151 PDF objects out of 1000 (max. 8388607)
 72 compressed objects within 1 object stream
 0 named destinations out of 1000 (max. 500000)
 96 words of extra memory for PDF output out of 10000 (max. 10000000)

