This is pdfTeX, Version 3.141592653-2.6-1.40.24 (TeX Live 2022/Debian) (preloaded format=pdflatex 2024.9.27)  6 DEC 2024 03:26
entering extended mode
 restricted \write18 enabled.
 %&-line parsing enabled.
**main.tex
(./main.tex
LaTeX2e <2022-11-01> patch level 1
L3 programming layer <2023-01-16>
(/usr/share/texlive/texmf-dist/tex/latex/base/article.cls
Document Class: article 2022/07/02 v1.4n Standard LaTeX document class
(/usr/share/texlive/texmf-dist/tex/latex/base/size10.clo
File: size10.clo 2022/07/02 v1.4n Standard LaTeX file (size option)
)
\c@part=\count185
\c@section=\count186
\c@subsection=\count187
\c@subsubsection=\count188
\c@paragraph=\count189
\c@subparagraph=\count190
\c@figure=\count191
\c@table=\count192
\abovecaptionskip=\skip48
\belowcaptionskip=\skip49
\bibindent=\dimen140
)
(/usr/share/texlive/texmf-dist/tex/latex/preprint/fullpage.sty
Package: fullpage 1999/02/23 1.1 (PWD)
\FP@margin=\skip50
)
(/usr/share/texlive/texmf-dist/tex/latex/graphics/graphicx.sty
Package: graphicx 2021/09/16 v1.2d Enhanced LaTeX Graphics (DPC,SPQR)

(/usr/share/texlive/texmf-dist/tex/latex/graphics/keyval.sty
Package: keyval 2022/05/29 v1.15 key=value parser (DPC)
\KV@toks@=\toks16
)
(/usr/share/texlive/texmf-dist/tex/latex/graphics/graphics.sty
Package: graphics 2022/03/10 v1.4e Standard LaTeX Graphics (DPC,SPQR)

(/usr/share/texlive/texmf-dist/tex/latex/graphics/trig.sty
Package: trig 2021/08/11 v1.11 sin cos tan (DPC)
)
(/usr/share/texlive/texmf-dist/tex/latex/graphics-cfg/graphics.cfg
File: graphics.cfg 2016/06/04 v1.11 sample graphics configuration
)
Package graphics Info: Driver file: pdftex.def on input line 107.

(/usr/share/texlive/texmf-dist/tex/latex/graphics-def/pdftex.def
File: pdftex.def 2022/09/22 v1.2b Graphics/color driver for pdftex
))
\Gin@req@height=\dimen141
\Gin@req@width=\dimen142
)
(/usr/share/texlive/texmf-dist/tex/latex/tools/array.sty
Package: array 2022/09/04 v2.5g Tabular extension package (FMi)
\col@sep=\dimen143
\ar@mcellbox=\box51
\extrarowheight=\dimen144
\NC@list=\toks17
\extratabsurround=\skip51
\backup@length=\skip52
\ar@cellbox=\box52
)
(/usr/share/texlive/texmf-dist/tex/latex/booktabs/booktabs.sty
Package: booktabs 2020/01/12 v1.61803398 Publication quality tables
\heavyrulewidth=\dimen145
\lightrulewidth=\dimen146
\cmidrulewidth=\dimen147
\belowrulesep=\dimen148
\belowbottomsep=\dimen149
\aboverulesep=\dimen150
\abovetopsep=\dimen151
\cmidrulesep=\dimen152
\cmidrulekern=\dimen153
\defaultaddspace=\dimen154
\@cmidla=\count193
\@cmidlb=\count194
\@aboverulesep=\dimen155
\@belowrulesep=\dimen156
\@thisruleclass=\count195
\@lastruleclass=\count196
\@thisrulewidth=\dimen157
)
(/usr/share/texlive/texmf-dist/tex/latex/base/inputenc.sty
Package: inputenc 2021/02/14 v1.3d Input encoding file
\inpenc@prehook=\toks18
\inpenc@posthook=\toks19
)
(/usr/share/texlive/texmf-dist/tex/latex/base/fontenc.sty
Package: fontenc 2021/04/29 v2.0v Standard LaTeX package
)
(/usr/share/texlive/texmf-dist/tex/latex/url/url.sty
\Urlmuskip=\muskip16
Package: url 2013/09/16  ver 3.4  Verb mode for urls, etc.
)
(/usr/share/texlive/texmf-dist/tex/generic/babel/babel.sty
Package: babel 2022/12/26 3.84 The Babel package
\babel@savecnt=\count197
\U@D=\dimen158
\l@unhyphenated=\language87

(/usr/share/texlive/texmf-dist/tex/generic/babel/txtbabel.def)
\bbl@readstream=\read2
\bbl@dirlevel=\count198

(/usr/share/texlive/texmf-dist/tex/generic/babel-spanish/spanish.ldf
Language: spanish.ldf 2021/05/27 v5.0q Spanish support from the babel system
\es@quottoks=\toks20
\es@quotdepth=\count199
Package babel Info: Making " an active character on input line 570.
Package babel Info: Making . an active character on input line 675.
Package babel Info: Making < an active character on input line 722.
Package babel Info: Making > an active character on input line 722.
))
(/usr/share/texlive/texmf-dist/tex/generic/babel/locale/es/babel-spanish.tex
Package babel Info: Importing font and identification data for spanish
(babel)             from babel-es.ini. Reported on input line 11.
)
(/usr/share/texlive/texmf-dist/tex/latex/float/float.sty
Package: float 2001/11/08 v1.3d Float enhancements (AL)
\c@float@type=\count266
\float@exts=\toks21
\float@box=\box53
\@float@everytoks=\toks22
\@floatcapt=\box54
)
(/usr/share/texlive/texmf-dist/tex/latex/listings/listings.sty
\lst@mode=\count267
\lst@gtempboxa=\box55
\lst@token=\toks23
\lst@length=\count268
\lst@currlwidth=\dimen159
\lst@column=\count269
\lst@pos=\count270
\lst@lostspace=\dimen160
\lst@width=\dimen161
\lst@newlines=\count271
\lst@lineno=\count272
\lst@maxwidth=\dimen162

(/usr/share/texlive/texmf-dist/tex/latex/listings/lstmisc.sty
File: lstmisc.sty 2020/03/24 1.8d (Carsten Heinz)
\c@lstnumber=\count273
\lst@skipnumbers=\count274
\lst@framebox=\box56
)
(/usr/share/texlive/texmf-dist/tex/latex/listings/listings.cfg
File: listings.cfg 2020/03/24 1.8d listings configuration
))
Package: listings 2020/03/24 1.8d (Carsten Heinz)

(/usr/share/texlive/texmf-dist/tex/latex/xcolor/xcolor.sty
Package: xcolor 2022/06/12 v2.14 LaTeX color extensions (UK)

(/usr/share/texlive/texmf-dist/tex/latex/graphics-cfg/color.cfg
File: color.cfg 2016/01/02 v1.6 sample color configuration
)
Package xcolor Info: Driver file: pdftex.def on input line 227.

(/usr/share/texlive/texmf-dist/tex/latex/graphics/mathcolor.ltx)
Package xcolor Info: Model `cmy' substituted by `cmy0' on input line 1353.
Package xcolor Info: Model `hsb' substituted by `rgb' on input line 1357.
Package xcolor Info: Model `RGB' extended on input line 1369.
Package xcolor Info: Model `HTML' substituted by `rgb' on input line 1371.
Package xcolor Info: Model `Hsb' substituted by `hsb' on input line 1372.
Package xcolor Info: Model `tHsb' substituted by `hsb' on input line 1373.
Package xcolor Info: Model `HSB' substituted by `hsb' on input line 1374.
Package xcolor Info: Model `Gray' substituted by `gray' on input line 1375.
Package xcolor Info: Model `wave' substituted by `hsb' on input line 1376.
)
(/usr/share/texlive/texmf-dist/tex/latex/l3backend/l3backend-pdftex.def
File: l3backend-pdftex.def 2023-01-16 L3 backend support: PDF output (pdfTeX)
\l__color_backend_stack_int=\count275
\l__pdf_internal_box=\box57
)
(./main.aux
LaTeX Info: Redefining \. on input line 8.
LaTeX Info: Redefining \% on input line 8.
)
\openout1 = `main.aux'.

LaTeX Font Info:    Checking defaults for OML/cmm/m/it on input line 54.
LaTeX Font Info:    ... okay on input line 54.
LaTeX Font Info:    Checking defaults for OMS/cmsy/m/n on input line 54.
LaTeX Font Info:    ... okay on input line 54.
LaTeX Font Info:    Checking defaults for OT1/cmr/m/n on input line 54.
LaTeX Font Info:    ... okay on input line 54.
LaTeX Font Info:    Checking defaults for T1/cmr/m/n on input line 54.
LaTeX Font Info:    ... okay on input line 54.
LaTeX Font Info:    Checking defaults for TS1/cmr/m/n on input line 54.
LaTeX Font Info:    ... okay on input line 54.
LaTeX Font Info:    Checking defaults for OMX/cmex/m/n on input line 54.
LaTeX Font Info:    ... okay on input line 54.
LaTeX Font Info:    Checking defaults for U/cmr/m/n on input line 54.
LaTeX Font Info:    ... okay on input line 54.
 (/usr/share/texlive/texmf-dist/tex/context/base/mkii/supp-pdf.mkii
[Loading MPS to PDF converter (version 2006.09.02).]
\scratchcounter=\count276
\scratchdimen=\dimen163
\scratchbox=\box58
\nofMPsegments=\count277
\nofMParguments=\count278
\everyMPshowfont=\toks24
\MPscratchCnt=\count279
\MPscratchDim=\dimen164
\MPnumerator=\count280
\makeMPintoPDFobject=\count281
\everyMPtoPDFconversion=\toks25
) (/usr/share/texlive/texmf-dist/tex/latex/epstopdf-pkg/epstopdf-base.sty
Package: epstopdf-base 2020-01-24 v2.11 Base part for package epstopdf
Package epstopdf-base Info: Redefining graphics rule for `.eps' on input line 4
85.

(/usr/share/texlive/texmf-dist/tex/latex/latexconfig/epstopdf-sys.cfg
File: epstopdf-sys.cfg 2010/07/13 v1.3 Configuration of (r)epstopdf for TeX Liv
e
))
LaTeX Info: Redefining \. on input line 54.
LaTeX Info: Redefining \% on input line 54.
\c@lstlisting=\count282
<images/uma_logo.jpg, id=1, 965.6075pt x 965.6075pt>
File: images/uma_logo.jpg Graphic file (type jpg)
<use images/uma_logo.jpg>
Package pdftex.def Info: images/uma_logo.jpg  used on input line 68.
(pdftex.def)             Requested size: 140.92793pt x 140.91563pt.

[1

{/var/lib/texmf/fonts/map/pdftex/updmap/pdftex.map} <./images/uma_logo.jpg>]
(./main.toc
LaTeX Info: Redefining \. on input line 1.
LaTeX Info: Redefining \% on input line 1.
LaTeX Font Info:    External font `cmex10' loaded for size
(Font)              <7> on input line 5.
LaTeX Font Info:    External font `cmex10' loaded for size
(Font)              <5> on input line 5.
)
\tf@toc=\write3
\openout3 = `main.toc'.

 [1]
Underfull \hbox (badness 10000) in paragraph at lines 90--91

 []

LaTeX Font Info:    Trying to load font information for T1+cmtt on input line 1
08.
(/usr/share/texlive/texmf-dist/tex/latex/base/t1cmtt.fd
File: t1cmtt.fd 2022/07/10 v2.5l Standard LaTeX font definitions
)
Underfull \hbox (badness 10000) in paragraph at lines 112--114

 []

<images/cargaNorthwind.png, id=17, 906.38625pt x 523.20468pt>
File: images/cargaNorthwind.png Graphic file (type png)
<use images/cargaNorthwind.png>
Package pdftex.def Info: images/cargaNorthwind.png  used on input line 119.
(pdftex.def)             Requested size: 305.33789pt x 176.25063pt.
[2] (/usr/share/texlive/texmf-dist/tex/latex/listings/lstlang1.sty
File: lstlang1.sty 2020/03/24 1.8d listings language file
)
<images/nuevo_diseno.png, id=24, 593.21625pt x 470.9595pt>
File: images/nuevo_diseno.png Graphic file (type png)
<use images/nuevo_diseno.png>
Package pdftex.def Info: images/nuevo_diseno.png  used on input line 160.
(pdftex.def)             Requested size: 305.33789pt x 242.42108pt.
 [3 <./images/cargaNorthWind.png>] [4 <./images/nuevo_diseno.png>]
Overfull \hbox (53.00137pt too wide) in paragraph at lines 210--211
[]\T1/cmr/m/n/10 Tipo de au-ten-ti-ca-ción (\T1/cmr/m/it/10 Authen-ti-ca-tion\T
1/cmr/m/n/10 ): Se-lec-cio-na \T1/cmtt/m/n/10 Windows Authentication \T1/cmr/m/
n/10 o \T1/cmtt/m/n/10 SQL Server Authentication
 []

<./images/completados/flujo_completo_uci.jpeg, id=36, 767.86874pt x 561.59813pt
>
File: ./images/completados/flujo_completo_uci.jpeg Graphic file (type jpg)
<use ./images/completados/flujo_completo_uci.jpeg>
Package pdftex.def Info: ./images/completados/flujo_completo_uci.jpeg  used on 
input line 223.
(pdftex.def)             Requested size: 469.75502pt x 343.56839pt.
[5]
Underfull \hbox (badness 10000) in paragraph at lines 228--229

 []

[6 <./images/completados/flujo_completo_uci.jpeg>]
Overfull \hbox (5.58485pt too wide) in paragraph at lines 291--292
[]\T1/cmr/m/n/10 Posteriormente, se eli-mi-nan las ta-blas prin-ci-pa-les co-mo
 \T1/cmtt/m/n/10 GastoMedicamento\T1/cmr/m/n/10 , \T1/cmtt/m/n/10 Medicamento\T
1/cmr/m/n/10 , \T1/cmtt/m/n/10 Alergia\T1/cmr/m/n/10 ,
 []

[7]
<images/completados/borrado_almacen.png, id=48, 304.7385pt x 124.66576pt>
File: images/completados/borrado_almacen.png Graphic file (type png)
<use images/completados/borrado_almacen.png>
Package pdftex.def Info: images/completados/borrado_almacen.png  used on input 
line 330.
(pdftex.def)             Requested size: 305.33789pt x 124.91843pt.
<./images/asignaciones/paciente.png, id=49, 516.7305pt x 507.69675pt>
File: ./images/asignaciones/paciente.png Graphic file (type png)
<use ./images/asignaciones/paciente.png>
Package pdftex.def Info: ./images/asignaciones/paciente.png  used on input line
 340.
(pdftex.def)             Requested size: 328.82707pt x 323.08107pt.
 [8 <./images/completados/borrado_almacen.png>]
<./images/completados/paciente.png, id=54, 148.1535pt x 184.2885pt>
File: ./images/completados/paciente.png Graphic file (type png)
<use ./images/completados/paciente.png>
Package pdftex.def Info: ./images/completados/paciente.png  used on input line 
345.
(pdftex.def)             Requested size: 140.92793pt x 175.3149pt.
 [9 <./images/asignaciones/paciente.png>]
<./images/asignaciones/medicamento.png, id=59, 511.9125pt x 506.49225pt>
File: ./images/asignaciones/medicamento.png Graphic file (type png)
<use ./images/asignaciones/medicamento.png>
Package pdftex.def Info: ./images/asignaciones/medicamento.png  used on input l
ine 353.
(pdftex.def)             Requested size: 328.82707pt x 325.34412pt.
<./images/completados/medicamento.png, id=60, 219.82124pt x 193.9245pt>
File: ./images/completados/medicamento.png Graphic file (type png)
<use ./images/completados/medicamento.png>
Package pdftex.def Info: ./images/completados/medicamento.png  used on input li
ne 359.
(pdftex.def)             Requested size: 140.92793pt x 124.32726pt.
 [10 <./images/completados/paciente.png> <./images/asignaciones/medicamento.png
>]
<./images/asignaciones/anyo.png, id=66, 516.12825pt x 506.49225pt>
File: ./images/asignaciones/anyo.png Graphic file (type png)
<use ./images/asignaciones/anyo.png>
Package pdftex.def Info: ./images/asignaciones/anyo.png  used on input line 367
.
(pdftex.def)             Requested size: 328.82707pt x 322.68553pt.
<./images/completados/anyo.png, id=67, 139.722pt x 134.30174pt>
File: ./images/completados/anyo.png Graphic file (type png)
<use ./images/completados/anyo.png>
Package pdftex.def Info: ./images/completados/anyo.png  used on input line 372.

(pdftex.def)             Requested size: 140.92793pt x 135.46333pt.
 [11 <./images/completados/medicamento.png> <./images/asignaciones/anyo.png>]
<./images/asignaciones/estancia_hospital.png, id=73, 516.7305pt x 506.49225pt>
File: ./images/asignaciones/estancia_hospital.png Graphic file (type png)
<use ./images/asignaciones/estancia_hospital.png>
Package pdftex.def Info: ./images/asignaciones/estancia_hospital.png  used on i
nput line 383.
(pdftex.def)             Requested size: 328.82707pt x 322.31456pt.
 [12 <./images/completados/anyo.png>]
<./images/completados/estancia_hospital.png, id=79, 191.5155pt x 208.98074pt>
File: ./images/completados/estancia_hospital.png Graphic file (type png)
<use ./images/completados/estancia_hospital.png>
Package pdftex.def Info: ./images/completados/estancia_hospital.png  used on in
put line 390.
(pdftex.def)             Requested size: 140.92793pt x 153.78873pt.
<./images/completados/ingreso_uci.png, id=80, 284.86424pt x 202.95825pt>
File: ./images/completados/ingreso_uci.png Graphic file (type png)
<use ./images/completados/ingreso_uci.png>
Package pdftex.def Info: ./images/completados/ingreso_uci.png  used on input li
ne 397.
(pdftex.def)             Requested size: 234.8775pt x 167.3435pt.
<./images/busquedas/ingreso_uci.png, id=81, 515.526pt x 507.0945pt>
File: ./images/busquedas/ingreso_uci.png Graphic file (type png)
<use ./images/busquedas/ingreso_uci.png>
Package pdftex.def Info: ./images/busquedas/ingreso_uci.png  used on input line
 402.
(pdftex.def)             Requested size: 328.82707pt x 323.46384pt.
 [13 <./images/asignaciones/estancia_hospital.png> <./images/completados/estanc
ia_hospital.png>]
<./images/asignaciones/ingreso_uci.png, id=87, 513.117pt x 504.6855pt>
File: ./images/asignaciones/ingreso_uci.png Graphic file (type png)
<use ./images/asignaciones/ingreso_uci.png>
Package pdftex.def Info: ./images/asignaciones/ingreso_uci.png  used on input l
ine 407.
(pdftex.def)             Requested size: 328.82707pt x 323.43657pt.
 [14 <./images/completados/ingreso_uci.png> <./images/busquedas/ingreso_uci.png
>]
<./images/asignaciones/region.png, id=93, 510.708pt x 504.08325pt>
File: ./images/asignaciones/region.png Graphic file (type png)
<use ./images/asignaciones/region.png>
Package pdftex.def Info: ./images/asignaciones/region.png  used on input line 4
17.
(pdftex.def)             Requested size: 328.82707pt x 324.57355pt.
<./images/completados/region.png, id=94, 146.34676pt x 174.6525pt>
File: ./images/completados/region.png Graphic file (type png)
<use ./images/completados/region.png>
Package pdftex.def Info: ./images/completados/region.png  used on input line 42
2.
(pdftex.def)             Requested size: 140.92793pt x 168.18683pt.
 [15 <./images/asignaciones/ingreso_uci.png>]
<./images/completados/hospital.png, id=99, 355.3275pt x 263.18324pt>
File: ./images/completados/hospital.png Graphic file (type png)
<use ./images/completados/hospital.png>
Package pdftex.def Info: ./images/completados/hospital.png  used on input line 
429.
(pdftex.def)             Requested size: 328.82707pt x 243.56116pt.
 [16 <./images/asignaciones/region.png> <./images/completados/region.png>]
<./images/busquedas/hospital_con_region.png, id=105, 515.526pt x 506.49225pt>
File: ./images/busquedas/hospital_con_region.png Graphic file (type png)
<use ./images/busquedas/hospital_con_region.png>
Package pdftex.def Info: ./images/busquedas/hospital_con_region.png  used on in
put line 434.
(pdftex.def)             Requested size: 328.82707pt x 323.07968pt.
<./images/tutorial/union_hospital_con_o_sin_region.png, id=106, 515.526pt x 507
.69675pt>
File: ./images/tutorial/union_hospital_con_o_sin_region.png Graphic file (type 
png)
<use ./images/tutorial/union_hospital_con_o_sin_region.png>
Package pdftex.def Info: ./images/tutorial/union_hospital_con_o_sin_region.png 
 used on input line 439.
(pdftex.def)             Requested size: 328.82707pt x 323.848pt.
 [17 <./images/completados/hospital.png>]
<./images/tutorial/division_condicional_hospital_region_null.png, id=111, 461.3
235pt x 504.08325pt>
File: ./images/tutorial/division_condicional_hospital_region_null.png Graphic f
ile (type png)
<use ./images/tutorial/division_condicional_hospital_region_null.png>
Package pdftex.def Info: ./images/tutorial/division_condicional_hospital_region
_null.png  used on input line 444.
(pdftex.def)             Requested size: 328.82707pt x 359.30919pt.
 [18 <./images/busquedas/hospital_con_region.png>]
<./images/asignaciones/hospital.png, id=117, 513.117pt x 504.08325pt>
File: ./images/asignaciones/hospital.png Graphic file (type png)
<use ./images/asignaciones/hospital.png>
Package pdftex.def Info: ./images/asignaciones/hospital.png  used on input line
 449.
(pdftex.def)             Requested size: 328.82707pt x 323.0506pt.
 [19 <./images/tutorial/union_hospital_con_o_sin_region.png>] [20 <./images/tut
orial/division_condicional_hospital_region_null.png>] [21 <./images/asignacione
s/hospital.png>]
<./images/asignaciones/gasto_medicamento.png, id=130, 510.10574pt x 506.49225pt
>
File: ./images/asignaciones/gasto_medicamento.png Graphic file (type png)
<use ./images/asignaciones/gasto_medicamento.png>
Package pdftex.def Info: ./images/asignaciones/gasto_medicamento.png  used on i
nput line 497.
(pdftex.def)             Requested size: 328.82707pt x 326.50337pt.
<./images/completados/gasto_medicamento.png, id=131, 159.59625pt x 142.73325pt>

File: ./images/completados/gasto_medicamento.png Graphic file (type png)
<use ./images/completados/gasto_medicamento.png>
Package pdftex.def Info: ./images/completados/gasto_medicamento.png  used on in
put line 502.
(pdftex.def)             Requested size: 140.92793pt x 126.03903pt.
 [22 <./images/asignaciones/gasto_medicamento.png>]
<./images/asignaciones/alergia.png, id=136, 514.92375pt x 507.0945pt>
File: ./images/asignaciones/alergia.png Graphic file (type png)
<use ./images/asignaciones/alergia.png>
Package pdftex.def Info: ./images/asignaciones/alergia.png  used on input line 
513.
(pdftex.def)             Requested size: 328.82707pt x 323.83524pt.
<./images/completados/alergia.png, id=137, 135.50626pt x 173.448pt>
File: ./images/completados/alergia.png Graphic file (type png)
<use ./images/completados/alergia.png>
Package pdftex.def Info: ./images/completados/alergia.png  used on input line 5
18.
(pdftex.def)             Requested size: 140.92793pt x 180.39488pt.
 [23 <./images/completados/gasto_medicamento.png>] [24 <./images/asignaciones/a
lergia.png> <./images/completados/alergia.png>]
<./images/completados/relation10.png, id=148, 162.6075pt x 152.36925pt>
File: ./images/completados/relation10.png Graphic file (type png)
<use ./images/completados/relation10.png>
Package pdftex.def Info: ./images/completados/relation10.png  used on input lin
e 549.
(pdftex.def)             Requested size: 140.92793pt x 132.06494pt.
<./images/asignaciones/tratamiento.png, id=149, 516.12825pt x 508.90125pt>
File: ./images/asignaciones/tratamiento.png Graphic file (type png)
<use ./images/asignaciones/tratamiento.png>
Package pdftex.def Info: ./images/asignaciones/tratamiento.png  used on input l
ine 558.
(pdftex.def)             Requested size: 328.82707pt x 324.2203pt.
<./images/completados/tratamiento.png, id=150, 165.61874pt x 133.6995pt>
File: ./images/completados/tratamiento.png Graphic file (type png)
<use ./images/completados/tratamiento.png>
Package pdftex.def Info: ./images/completados/tratamiento.png  used on input li
ne 563.
(pdftex.def)             Requested size: 140.92793pt x 113.77158pt.

[25 <./images/completados/relation10.png>] [26 <./images/asignaciones/tratamien
to.png> <./images/completados/tratamiento.png>]
<./images/completados/relation11.png, id=160, 149.358pt x 121.6545pt>
File: ./images/completados/relation11.png Graphic file (type png)
<use ./images/completados/relation11.png>
Package pdftex.def Info: ./images/completados/relation11.png  used on input lin
e 594.
(pdftex.def)             Requested size: 140.92793pt x 114.79703pt.
 [27 <./images/completados/relation11.png>] (./main.bbl) [28] (./main.aux
LaTeX Info: Redefining \. on input line 8.
LaTeX Info: Redefining \% on input line 8.
) ) 
Here is how much of TeX's memory you used:
 6003 strings out of 476091
 93818 string characters out of 5794081
 2082330 words of memory out of 5000000
 26312 multiletter control sequences out of 15000+600000
 523862 words of font info for 49 fonts, out of 8000000 for 9000
 1141 hyphenation exceptions out of 8191
 57i,7n,62p,793b,1725s stack positions out of 10000i,1000n,20000p,200000b,200000s
{/usr/share/texmf/fonts/enc/dvips/cm-super/cm-super-t1.enc}{/usr/share/texmf
/fonts/enc/dvips/cm-super/cm-super-ts1.enc}</usr/share/texmf/fonts/type1/public
/cm-super/sfbx1000.pfb></usr/share/texmf/fonts/type1/public/cm-super/sfbx1200.p
fb></usr/share/texmf/fonts/type1/public/cm-super/sfbx1440.pfb></usr/share/texmf
/fonts/type1/public/cm-super/sfbx1728.pfb></usr/share/texmf/fonts/type1/public/
cm-super/sfbx2488.pfb></usr/share/texmf/fonts/type1/public/cm-super/sfrm0500.pf
b></usr/share/texmf/fonts/type1/public/cm-super/sfrm1000.pfb></usr/share/texmf/
fonts/type1/public/cm-super/sfrm1200.pfb></usr/share/texmf/fonts/type1/public/c
m-super/sfti1000.pfb></usr/share/texmf/fonts/type1/public/cm-super/sfti1200.pfb
></usr/share/texmf/fonts/type1/public/cm-super/sftt0900.pfb></usr/share/texmf/f
onts/type1/public/cm-super/sftt1000.pfb>
Output written on main.pdf (29 pages, 2205096 bytes).
PDF statistics:
 224 PDF objects out of 1000 (max. 8388607)
 106 compressed objects within 2 object streams
 0 named destinations out of 1000 (max. 500000)
 156 words of extra memory for PDF output out of 10000 (max. 10000000)

